2021-09-06 10:01:49 INFO  ProjectStartupHandler.runActivity(74) - ---------- Project opened ----------
2021-09-06 10:01:49 INFO  ProjectStartupHandler.runActivity(75) - ---------- Version 3.53 ----------

2021-09-06 10:01:49 INFO  ProjectStartupHandler.setAutoscrolls(346) - Autoscrolls successfully set
2021-09-06 10:01:50 INFO  ApacheHttpClient.isSessionAppropriateWithSecretKey(589) - The session is not set in the property file.
2021-09-06 10:01:50 INFO  ApacheHttpClient.logout(633) - Waiting for server response.
2021-09-06 10:02:05 INFO  ApacheHttpClient.login(250) - Waiting for server response.
2021-09-06 10:02:05 INFO  ApacheHttpClient.login(254) - responseCode = 200
2021-09-06 10:02:05 INFO  ApacheHttpClient.login(277) - JSESSIONID OK
2021-09-06 10:02:05 INFO  ApacheHttpClient.refreshUserInfo(305) - responseCode = 200
2021-09-06 10:02:05 INFO  ApacheHttpClient.refreshUserInfo(311) - User information received.
2021-09-06 10:02:05 INFO  ApacheHttpClient.startGA(36) - GAService started.
2021-09-06 10:02:05 INFO  AbstractRestApiClient.startService(71) - EventsService started.
2021-09-06 10:02:11 INFO  ApacheHttpClient.getWebResourceAsStream(502) - responseCode = 200
2021-09-06 10:02:14 INFO  ApacheHttpClient.getFilteredTasks(336) - responseCode = 200
2021-09-06 10:02:23 INFO  ApacheHttpClient.getFilteredTasks(336) - responseCode = 200
2021-09-06 10:02:28 INFO  ApacheHttpClient.getFilteredTasks(336) - responseCode = 200
2021-09-06 10:02:29 INFO  ApacheHttpClient.getTaskTemplateInfo(353) - responseCode = 200
2021-09-06 10:02:29 INFO  TaskInfoSelectorMouseListener.createDirectoryRecursive(77) - File created :D:/Yandex_/YandexDisk/Java/JavaRush/JavaRush31/JavaRushTasks/3.JavaMultithreading/src/com
2021-09-06 10:02:29 INFO  TaskInfoSelectorMouseListener.createDirectoryRecursive(77) - File created :D:/Yandex_/YandexDisk/Java/JavaRush/JavaRush31/JavaRushTasks/3.JavaMultithreading/src/com/javarush
2021-09-06 10:02:29 INFO  TaskInfoSelectorMouseListener.createDirectoryRecursive(77) - File created :D:/Yandex_/YandexDisk/Java/JavaRush/JavaRush31/JavaRushTasks/3.JavaMultithreading/src/com/javarush/task
2021-09-06 10:02:29 INFO  TaskInfoSelectorMouseListener.createDirectoryRecursive(77) - File created :D:/Yandex_/YandexDisk/Java/JavaRush/JavaRush31/JavaRushTasks/3.JavaMultithreading/src/com/javarush/task/task30
2021-09-06 10:02:29 INFO  TaskInfoSelectorMouseListener.createDirectoryRecursive(77) - File created :D:/Yandex_/YandexDisk/Java/JavaRush/JavaRush31/JavaRushTasks/3.JavaMultithreading/src/com/javarush/task/task30/task3001
2021-09-06 10:02:30 INFO  ApacheHttpClient.getTaskTemplateInfo(353) - responseCode = 200
2021-09-06 10:03:06 INFO  ApacheHttpClient.sendEvent(535) - responseCode = 200
2021-09-06 10:04:06 INFO  ApacheHttpClient.sendEvent(535) - responseCode = 200
2021-09-06 10:05:06 INFO  ApacheHttpClient.sendEvent(535) - responseCode = 200
2021-09-06 10:06:06 INFO  ApacheHttpClient.sendEvent(535) - responseCode = 200
2021-09-06 10:07:06 INFO  ApacheHttpClient.sendEvent(535) - responseCode = 200
2021-09-06 10:08:05 INFO  ApacheHttpClient.sendEvent(535) - responseCode = 200
2021-09-06 10:09:06 INFO  ApacheHttpClient.sendEvent(535) - responseCode = 200
2021-09-06 10:10:06 INFO  ApacheHttpClient.sendEvent(535) - responseCode = 200
2021-09-06 10:11:06 INFO  ApacheHttpClient.sendEvent(535) - responseCode = 200
2021-09-06 10:12:06 INFO  ApacheHttpClient.sendEvent(535) - responseCode = 200
2021-09-06 10:13:06 INFO  ApacheHttpClient.sendEvent(535) - responseCode = 200
2021-09-06 10:14:06 INFO  ApacheHttpClient.sendEvent(535) - responseCode = 200
2021-09-06 10:15:06 INFO  ApacheHttpClient.sendEvent(535) - responseCode = 200
2021-09-06 10:16:06 INFO  ApacheHttpClient.sendEvent(535) - responseCode = 200
2021-09-06 10:17:06 INFO  ApacheHttpClient.sendEvent(535) - responseCode = 200
2021-09-06 10:18:06 INFO  ApacheHttpClient.sendEvent(535) - responseCode = 200
2021-09-06 10:19:06 INFO  ApacheHttpClient.sendEvent(535) - responseCode = 200
2021-09-06 10:20:06 INFO  ApacheHttpClient.sendEvent(535) - responseCode = 200
2021-09-06 10:21:06 INFO  ApacheHttpClient.sendEvent(535) - responseCode = 200
2021-09-06 10:22:06 INFO  ApacheHttpClient.sendEvent(535) - responseCode = 200
2021-09-06 10:23:06 INFO  ApacheHttpClient.sendEvent(535) - responseCode = 200
2021-09-06 10:24:06 INFO  ApacheHttpClient.sendEvent(535) - responseCode = 200
2021-09-06 10:25:06 INFO  ApacheHttpClient.sendEvent(535) - responseCode = 200
2021-09-06 10:26:06 INFO  ApacheHttpClient.sendEvent(535) - responseCode = 200
2021-09-06 10:27:06 INFO  ApacheHttpClient.sendEvent(535) - responseCode = 200
2021-09-06 10:28:06 INFO  ApacheHttpClient.sendEvent(535) - responseCode = 200
2021-09-06 10:29:06 INFO  ApacheHttpClient.sendEvent(535) - responseCode = 200
2021-09-06 10:30:06 INFO  ApacheHttpClient.sendEvent(535) - responseCode = 200
2021-09-06 10:31:06 INFO  ApacheHttpClient.sendEvent(535) - responseCode = 200
2021-09-06 10:32:06 INFO  ApacheHttpClient.sendEvent(535) - responseCode = 200
2021-09-06 10:33:06 INFO  ApacheHttpClient.sendEvent(535) - responseCode = 200
2021-09-06 10:34:06 INFO  ApacheHttpClient.sendEvent(535) - responseCode = 200
2021-09-06 10:35:06 INFO  ApacheHttpClient.sendEvent(535) - responseCode = 200
2021-09-06 10:36:06 INFO  ApacheHttpClient.sendEvent(535) - responseCode = 200
2021-09-06 10:37:06 INFO  ApacheHttpClient.sendEvent(535) - responseCode = 200
2021-09-06 10:38:06 INFO  ApacheHttpClient.sendEvent(535) - responseCode = 200
2021-09-06 10:39:06 INFO  ApacheHttpClient.sendEvent(535) - responseCode = 200
2021-09-06 10:40:06 INFO  ApacheHttpClient.sendEvent(535) - responseCode = 200
2021-09-06 10:41:06 INFO  ApacheHttpClient.sendEvent(535) - responseCode = 200
2021-09-06 10:42:06 INFO  ApacheHttpClient.sendEvent(535) - responseCode = 200
2021-09-06 10:43:06 INFO  ApacheHttpClient.sendEvent(535) - responseCode = 200
2021-09-06 10:44:06 INFO  ApacheHttpClient.sendEvent(535) - responseCode = 200
2021-09-06 10:45:06 INFO  ApacheHttpClient.sendEvent(535) - responseCode = 200
2021-09-06 10:46:06 INFO  ApacheHttpClient.sendEvent(535) - responseCode = 200
2021-09-06 10:47:06 INFO  ApacheHttpClient.sendEvent(535) - responseCode = 200
2021-09-06 10:48:06 INFO  ApacheHttpClient.sendEvent(535) - responseCode = 200
2021-09-06 10:49:06 INFO  ApacheHttpClient.sendEvent(535) - responseCode = 200
2021-09-06 10:50:06 INFO  ApacheHttpClient.sendEvent(535) - responseCode = 200
2021-09-06 10:51:06 INFO  ApacheHttpClient.sendEvent(535) - responseCode = 200
2021-09-06 10:52:06 INFO  ApacheHttpClient.sendEvent(535) - responseCode = 200
2021-09-06 10:53:06 INFO  ApacheHttpClient.sendEvent(535) - responseCode = 200
2021-09-06 10:53:19 INFO  ApacheHttpClient.getWebResourceAsStream(502) - responseCode = 200
2021-09-06 10:53:19 INFO  ApacheHttpClient.getTask(488) - responseCode = 200
2021-09-06 10:53:20 INFO  ApacheHttpClient.completed(32) - responseCode = 200
2021-09-06 10:54:06 INFO  ApacheHttpClient.sendEvent(535) - responseCode = 200
2021-09-06 10:55:06 INFO  ApacheHttpClient.sendEvent(535) - responseCode = 200
2021-09-06 10:56:06 INFO  ApacheHttpClient.sendEvent(535) - responseCode = 200
2021-09-06 10:57:06 INFO  ApacheHttpClient.sendEvent(535) - responseCode = 200
2021-09-06 10:57:33 INFO  ApacheHttpClient.getWebResourceAsStream(502) - responseCode = 200
2021-09-06 10:57:33 INFO  ApacheHttpClient.getTask(488) - responseCode = 200
2021-09-06 10:57:35 INFO  ApacheHttpClient.completed(32) - responseCode = 200
2021-09-06 10:58:06 INFO  ApacheHttpClient.sendEvent(535) - responseCode = 200
2021-09-06 10:59:06 INFO  ApacheHttpClient.sendEvent(535) - responseCode = 200
2021-09-06 11:00:06 INFO  ApacheHttpClient.sendEvent(535) - responseCode = 200
2021-09-06 11:01:06 INFO  ApacheHttpClient.sendEvent(535) - responseCode = 200
2021-09-06 11:01:09 INFO  ApacheHttpClient.getWebResourceAsStream(502) - responseCode = 200
2021-09-06 11:01:09 INFO  ApacheHttpClient.getTask(488) - responseCode = 200
2021-09-06 11:01:11 INFO  ApacheHttpClient.completed(32) - responseCode = 200
2021-09-06 11:01:11 INFO  ApacheHttpClient.getTask(488) - responseCode = 200
2021-09-06 11:01:16 INFO  ApacheHttpClient.getWebResourceAsStream(502) - responseCode = 200
2021-09-06 11:01:16 INFO  ApacheHttpClient.getFilteredTasks(336) - responseCode = 200
2021-09-06 11:01:30 INFO  ApacheHttpClient.getTaskTemplateInfo(353) - responseCode = 200
2021-09-06 11:01:30 INFO  TaskInfoSelectorMouseListener.createDirectoryRecursive(77) - File created :D:/Yandex_/YandexDisk/Java/JavaRush/JavaRush31/JavaRushTasks/3.JavaMultithreading/src/com/javarush/task/task30/task3002
2021-09-06 11:01:30 INFO  ApacheHttpClient.getTask(488) - responseCode = 200
2021-09-06 11:02:06 INFO  ApacheHttpClient.sendEvent(535) - responseCode = 200
2021-09-06 11:03:06 INFO  ApacheHttpClient.sendEvent(535) - responseCode = 200
2021-09-06 11:04:06 INFO  ApacheHttpClient.sendEvent(535) - responseCode = 200
2021-09-06 11:05:06 INFO  ApacheHttpClient.sendEvent(535) - responseCode = 200
2021-09-06 11:06:06 INFO  ApacheHttpClient.sendEvent(535) - responseCode = 200
2021-09-06 11:07:06 INFO  ApacheHttpClient.sendEvent(535) - responseCode = 200
2021-09-06 11:08:06 INFO  ApacheHttpClient.sendEvent(535) - responseCode = 200
2021-09-06 11:09:06 INFO  ApacheHttpClient.sendEvent(535) - responseCode = 200
2021-09-06 11:10:06 INFO  ApacheHttpClient.sendEvent(535) - responseCode = 200
2021-09-06 11:11:06 INFO  ApacheHttpClient.sendEvent(535) - responseCode = 200
2021-09-06 11:12:06 INFO  ApacheHttpClient.sendEvent(535) - responseCode = 200
2021-09-06 11:13:06 INFO  ApacheHttpClient.sendEvent(535) - responseCode = 200
2021-09-06 11:14:06 INFO  ApacheHttpClient.sendEvent(535) - responseCode = 200
2021-09-06 11:15:06 INFO  ApacheHttpClient.sendEvent(535) - responseCode = 200
2021-09-06 11:16:06 INFO  ApacheHttpClient.sendEvent(535) - responseCode = 200
2021-09-06 11:17:06 INFO  ApacheHttpClient.sendEvent(535) - responseCode = 200
2021-09-06 11:18:06 INFO  ApacheHttpClient.sendEvent(535) - responseCode = 200
2021-09-06 11:19:06 INFO  ApacheHttpClient.sendEvent(535) - responseCode = 200
2021-09-06 11:20:06 INFO  ApacheHttpClient.sendEvent(535) - responseCode = 200
2021-09-06 11:21:06 INFO  ApacheHttpClient.sendEvent(535) - responseCode = 200
2021-09-06 11:22:06 INFO  ApacheHttpClient.sendEvent(535) - responseCode = 200
2021-09-06 11:23:06 INFO  ApacheHttpClient.sendEvent(535) - responseCode = 200
2021-09-06 11:24:06 INFO  ApacheHttpClient.sendEvent(535) - responseCode = 200
2021-09-06 11:25:06 INFO  ApacheHttpClient.sendEvent(535) - responseCode = 200
2021-09-06 11:26:06 INFO  ApacheHttpClient.sendEvent(535) - responseCode = 200
2021-09-06 11:27:06 INFO  ApacheHttpClient.sendEvent(535) - responseCode = 200
2021-09-06 11:28:06 INFO  ApacheHttpClient.sendEvent(535) - responseCode = 200
2021-09-06 11:29:06 INFO  ApacheHttpClient.sendEvent(535) - responseCode = 200
2021-09-06 11:30:06 INFO  ApacheHttpClient.sendEvent(535) - responseCode = 200
2021-09-06 11:31:06 INFO  ApacheHttpClient.sendEvent(535) - responseCode = 200
2021-09-06 11:32:06 INFO  ApacheHttpClient.sendEvent(535) - responseCode = 200
2021-09-06 11:33:06 INFO  ApacheHttpClient.sendEvent(535) - responseCode = 200
2021-09-06 11:34:06 INFO  ApacheHttpClient.sendEvent(535) - responseCode = 200
2021-09-06 11:35:06 INFO  ApacheHttpClient.sendEvent(535) - responseCode = 200
2021-09-06 11:35:41 INFO  ApacheHttpClient.getWebResourceAsStream(502) - responseCode = 200
2021-09-06 11:35:42 INFO  ApacheHttpClient.getTask(488) - responseCode = 200
2021-09-06 11:35:44 INFO  ApacheHttpClient.completed(32) - responseCode = 200
2021-09-06 11:35:44 INFO  ApacheHttpClient.getTask(488) - responseCode = 200
2021-09-06 11:35:49 INFO  ApacheHttpClient.getWebResourceAsStream(502) - responseCode = 200
2021-09-06 11:35:49 INFO  ApacheHttpClient.getFilteredTasks(336) - responseCode = 200
2021-09-06 11:35:51 INFO  ApacheHttpClient.getTaskTemplateInfo(353) - responseCode = 200
2021-09-06 11:35:51 INFO  TaskInfoSelectorMouseListener.createDirectoryRecursive(77) - File created :D:/Yandex_/YandexDisk/Java/JavaRush/JavaRush31/JavaRushTasks/3.JavaMultithreading/src/com/javarush/task/task30/task3009
2021-09-06 11:35:52 INFO  ApacheHttpClient.getTask(488) - responseCode = 200
2021-09-06 11:36:06 INFO  ApacheHttpClient.sendEvent(535) - responseCode = 200
2021-09-06 11:37:06 INFO  ApacheHttpClient.sendEvent(535) - responseCode = 200
2021-09-06 11:38:06 INFO  ApacheHttpClient.sendEvent(535) - responseCode = 200
2021-09-06 11:39:06 INFO  ApacheHttpClient.sendEvent(535) - responseCode = 200
2021-09-06 11:40:06 INFO  ApacheHttpClient.sendEvent(535) - responseCode = 200
2021-09-06 11:41:06 INFO  ApacheHttpClient.sendEvent(535) - responseCode = 200
2021-09-06 11:42:06 INFO  ApacheHttpClient.sendEvent(535) - responseCode = 200
2021-09-06 11:43:06 INFO  ApacheHttpClient.sendEvent(535) - responseCode = 200
2021-09-06 11:44:06 INFO  ApacheHttpClient.sendEvent(535) - responseCode = 200
